<?xml version="1.0" encoding="UTF-8"?>
<!-- Generated by org.testng.reporters.JUnitReportReporter -->
<testsuite hostname="collaberas-mbp" failures="0" tests="6" name="tests.TestCases" time="52.217" errors="0" timestamp="2023-04-28T15:35:45 PST" skipped="0">
  <testcase classname="tests.TestCases" name="validateLaunch" time="0.637"/>
  <system-out/>
  <testcase classname="tests.TestCases" name="getRegisterModal" time="7.924"/>
  <system-out/>
  <testcase classname="tests.TestCases" name="getLoginModal" time="10.242"/>
  <system-out/>
  <testcase classname="tests.TestCases" name="loginMethod" time="10.382"/>
  <system-out/>
  <testcase classname="tests.TestCases" name="moveToMyProfile" time="17.505"/>
  <system-out/>
  <testcase classname="tests.TestCases" name="topicsOfInterest" time="5.527"/>
  <system-out/>
</testsuite> <!-- tests.TestCases -->
